{"C:\\Users\\USER\\Documents\\www\\vue-projects\\semicolon-vue\\semicolon\\src\\App.vue": {"path":"C:\\Users\\USER\\Documents\\www\\vue-projects\\semicolon-vue\\semicolon\\src\\App.vue","statementMap":{"0":{"start":{"line":17,"column":0},"end":{"line":17,"column":null}},"1":{"start":{"line":23,"column":0},"end":{"line":23,"column":null}},"2":{"start":{"line":24,"column":0},"end":{"line":24,"column":null}}},"fnMap":{"0":{"name":"errors","decl":{"start":{"line":23,"column":0},"end":{"line":23,"column":null}},"loc":{"start":{"line":23,"column":0},"end":{"line":23,"column":null}}},"1":{"name":"isLoading","decl":{"start":{"line":24,"column":0},"end":{"line":24,"column":null}},"loc":{"start":{"line":24,"column":0},"end":{"line":24,"column":null}}}},"branchMap":{},"s":{"0":0,"1":0,"2":0},"f":{"0":0,"1":0},"b":{}}
,"C:\\Users\\USER\\Documents\\www\\vue-projects\\semicolon-vue\\semicolon\\src\\registerServiceWorker.js": {"path":"C:\\Users\\USER\\Documents\\www\\vue-projects\\semicolon-vue\\semicolon\\src\\registerServiceWorker.js","statementMap":{"0":{"start":{"line":5,"column":0},"end":{"line":28,"column":1}},"1":{"start":{"line":6,"column":2},"end":{"line":27,"column":5}},"2":{"start":{"line":8,"column":6},"end":{"line":11,"column":8}},"3":{"start":{"line":14,"column":6},"end":{"line":14,"column":62}},"4":{"start":{"line":17,"column":6},"end":{"line":17,"column":63}},"5":{"start":{"line":20,"column":6},"end":{"line":22,"column":8}},"6":{"start":{"line":25,"column":6},"end":{"line":25,"column":72}}},"fnMap":{"0":{"name":"(anonymous_0)","decl":{"start":{"line":7,"column":4},"end":{"line":7,"column":5}},"loc":{"start":{"line":7,"column":12},"end":{"line":12,"column":5}},"line":7},"1":{"name":"(anonymous_1)","decl":{"start":{"line":13,"column":4},"end":{"line":13,"column":5}},"loc":{"start":{"line":13,"column":13},"end":{"line":15,"column":5}},"line":13},"2":{"name":"(anonymous_2)","decl":{"start":{"line":16,"column":4},"end":{"line":16,"column":5}},"loc":{"start":{"line":16,"column":14},"end":{"line":18,"column":5}},"line":16},"3":{"name":"(anonymous_3)","decl":{"start":{"line":19,"column":4},"end":{"line":19,"column":5}},"loc":{"start":{"line":19,"column":14},"end":{"line":23,"column":5}},"line":19},"4":{"name":"(anonymous_4)","decl":{"start":{"line":24,"column":4},"end":{"line":24,"column":5}},"loc":{"start":{"line":24,"column":17},"end":{"line":26,"column":5}},"line":24}},"branchMap":{"0":{"loc":{"start":{"line":5,"column":0},"end":{"line":28,"column":1}},"type":"if","locations":[{"start":{"line":5,"column":0},"end":{"line":28,"column":1}},{"start":{"line":5,"column":0},"end":{"line":28,"column":1}}],"line":5}},"s":{"0":0,"1":0,"2":0,"3":0,"4":0,"5":0,"6":0},"f":{"0":0,"1":0,"2":0,"3":0,"4":0},"b":{"0":[0,0]},"hash":"c34af07a856ab356626c063225577e007fe96de5"}
,"C:\\Users\\USER\\Documents\\www\\vue-projects\\semicolon-vue\\semicolon\\src\\common\\api.service.js": {"path":"C:\\Users\\USER\\Documents\\www\\vue-projects\\semicolon-vue\\semicolon\\src\\common\\api.service.js","statementMap":{"0":{"start":{"line":7,"column":19},"end":{"line":48,"column":1}},"1":{"start":{"line":9,"column":4},"end":{"line":9,"column":29}},"2":{"start":{"line":10,"column":4},"end":{"line":10,"column":41}},"3":{"start":{"line":14,"column":4},"end":{"line":16,"column":35}},"4":{"start":{"line":20,"column":4},"end":{"line":22,"column":7}},"5":{"start":{"line":21,"column":6},"end":{"line":21,"column":61}},"6":{"start":{"line":26,"column":4},"end":{"line":28,"column":7}},"7":{"start":{"line":27,"column":6},"end":{"line":27,"column":61}},"8":{"start":{"line":32,"column":4},"end":{"line":32,"column":49}},"9":{"start":{"line":36,"column":4},"end":{"line":36,"column":56}},"10":{"start":{"line":40,"column":4},"end":{"line":40,"column":48}},"11":{"start":{"line":44,"column":4},"end":{"line":46,"column":7}},"12":{"start":{"line":45,"column":6},"end":{"line":45,"column":61}},"13":{"start":{"line":52,"column":27},"end":{"line":56,"column":1}},"14":{"start":{"line":54,"column":4},"end":{"line":54,"column":34}},"15":{"start":{"line":58,"column":31},"end":{"line":76,"column":1}},"16":{"start":{"line":60,"column":4},"end":{"line":62,"column":7}},"17":{"start":{"line":65,"column":4},"end":{"line":65,"column":44}},"18":{"start":{"line":68,"column":4},"end":{"line":68,"column":60}},"19":{"start":{"line":71,"column":4},"end":{"line":71,"column":68}},"20":{"start":{"line":74,"column":4},"end":{"line":74,"column":49}},"21":{"start":{"line":78,"column":31},"end":{"line":97,"column":1}},"22":{"start":{"line":80,"column":4},"end":{"line":84,"column":5}},"23":{"start":{"line":81,"column":6},"end":{"line":83,"column":8}},"24":{"start":{"line":85,"column":4},"end":{"line":85,"column":58}},"25":{"start":{"line":89,"column":4},"end":{"line":91,"column":7}},"26":{"start":{"line":95,"column":4},"end":{"line":95,"column":71}},"27":{"start":{"line":99,"column":31},"end":{"line":106,"column":1}},"28":{"start":{"line":101,"column":4},"end":{"line":101,"column":56}},"29":{"start":{"line":104,"column":4},"end":{"line":104,"column":58}}},"fnMap":{"0":{"name":"(anonymous_0)","decl":{"start":{"line":8,"column":2},"end":{"line":8,"column":3}},"loc":{"start":{"line":8,"column":9},"end":{"line":11,"column":3}},"line":8},"1":{"name":"(anonymous_1)","decl":{"start":{"line":13,"column":2},"end":{"line":13,"column":3}},"loc":{"start":{"line":13,"column":14},"end":{"line":17,"column":3}},"line":13},"2":{"name":"(anonymous_2)","decl":{"start":{"line":19,"column":2},"end":{"line":19,"column":3}},"loc":{"start":{"line":19,"column":26},"end":{"line":23,"column":3}},"line":19},"3":{"name":"(anonymous_3)","decl":{"start":{"line":20,"column":49},"end":{"line":20,"column":50}},"loc":{"start":{"line":20,"column":58},"end":{"line":22,"column":5}},"line":20},"4":{"name":"(anonymous_4)","decl":{"start":{"line":25,"column":2},"end":{"line":25,"column":3}},"loc":{"start":{"line":25,"column":27},"end":{"line":29,"column":3}},"line":25},"5":{"name":"(anonymous_5)","decl":{"start":{"line":26,"column":54},"end":{"line":26,"column":55}},"loc":{"start":{"line":26,"column":63},"end":{"line":28,"column":5}},"line":26},"6":{"name":"(anonymous_6)","decl":{"start":{"line":31,"column":2},"end":{"line":31,"column":3}},"loc":{"start":{"line":31,"column":25},"end":{"line":33,"column":3}},"line":31},"7":{"name":"(anonymous_7)","decl":{"start":{"line":35,"column":2},"end":{"line":35,"column":3}},"loc":{"start":{"line":35,"column":33},"end":{"line":37,"column":3}},"line":35},"8":{"name":"(anonymous_8)","decl":{"start":{"line":39,"column":2},"end":{"line":39,"column":3}},"loc":{"start":{"line":39,"column":24},"end":{"line":41,"column":3}},"line":39},"9":{"name":"(anonymous_9)","decl":{"start":{"line":43,"column":2},"end":{"line":43,"column":3}},"loc":{"start":{"line":43,"column":19},"end":{"line":47,"column":3}},"line":43},"10":{"name":"(anonymous_10)","decl":{"start":{"line":44,"column":44},"end":{"line":44,"column":45}},"loc":{"start":{"line":44,"column":53},"end":{"line":46,"column":5}},"line":44},"11":{"name":"(anonymous_11)","decl":{"start":{"line":53,"column":2},"end":{"line":53,"column":3}},"loc":{"start":{"line":53,"column":8},"end":{"line":55,"column":3}},"line":53},"12":{"name":"(anonymous_12)","decl":{"start":{"line":59,"column":2},"end":{"line":59,"column":3}},"loc":{"start":{"line":59,"column":22},"end":{"line":63,"column":3}},"line":59},"13":{"name":"(anonymous_13)","decl":{"start":{"line":64,"column":2},"end":{"line":64,"column":3}},"loc":{"start":{"line":64,"column":12},"end":{"line":66,"column":3}},"line":64},"14":{"name":"(anonymous_14)","decl":{"start":{"line":67,"column":2},"end":{"line":67,"column":3}},"loc":{"start":{"line":67,"column":17},"end":{"line":69,"column":3}},"line":67},"15":{"name":"(anonymous_15)","decl":{"start":{"line":70,"column":2},"end":{"line":70,"column":3}},"loc":{"start":{"line":70,"column":23},"end":{"line":72,"column":3}},"line":70},"16":{"name":"(anonymous_16)","decl":{"start":{"line":73,"column":2},"end":{"line":73,"column":3}},"loc":{"start":{"line":73,"column":16},"end":{"line":75,"column":3}},"line":73},"17":{"name":"(anonymous_17)","decl":{"start":{"line":79,"column":2},"end":{"line":79,"column":3}},"loc":{"start":{"line":79,"column":12},"end":{"line":86,"column":3}},"line":79},"18":{"name":"(anonymous_18)","decl":{"start":{"line":88,"column":2},"end":{"line":88,"column":3}},"loc":{"start":{"line":88,"column":22},"end":{"line":92,"column":3}},"line":88},"19":{"name":"(anonymous_19)","decl":{"start":{"line":94,"column":2},"end":{"line":94,"column":3}},"loc":{"start":{"line":94,"column":27},"end":{"line":96,"column":3}},"line":94},"20":{"name":"(anonymous_20)","decl":{"start":{"line":100,"column":2},"end":{"line":100,"column":3}},"loc":{"start":{"line":100,"column":12},"end":{"line":102,"column":3}},"line":100},"21":{"name":"(anonymous_21)","decl":{"start":{"line":103,"column":2},"end":{"line":103,"column":3}},"loc":{"start":{"line":103,"column":15},"end":{"line":105,"column":3}},"line":103}},"branchMap":{"0":{"loc":{"start":{"line":25,"column":16},"end":{"line":25,"column":25}},"type":"default-arg","locations":[{"start":{"line":25,"column":23},"end":{"line":25,"column":25}}],"line":25},"1":{"loc":{"start":{"line":60,"column":42},"end":{"line":60,"column":72}},"type":"cond-expr","locations":[{"start":{"line":60,"column":60},"end":{"line":60,"column":67}},{"start":{"line":60,"column":70},"end":{"line":60,"column":72}}],"line":60},"2":{"loc":{"start":{"line":80,"column":4},"end":{"line":84,"column":5}},"type":"if","locations":[{"start":{"line":80,"column":4},"end":{"line":84,"column":5}},{"start":{"line":80,"column":4},"end":{"line":84,"column":5}}],"line":80}},"s":{"0":0,"1":0,"2":0,"3":0,"4":0,"5":0,"6":0,"7":0,"8":0,"9":0,"10":0,"11":0,"12":0,"13":0,"14":0,"15":0,"16":0,"17":0,"18":0,"19":0,"20":0,"21":0,"22":0,"23":0,"24":0,"25":0,"26":0,"27":0,"28":0,"29":0},"f":{"0":0,"1":0,"2":0,"3":0,"4":0,"5":0,"6":0,"7":0,"8":0,"9":0,"10":0,"11":0,"12":0,"13":0,"14":0,"15":0,"16":0,"17":0,"18":0,"19":0,"20":0,"21":0},"b":{"0":[0],"1":[0,0],"2":[0,0]},"hash":"3da9b4bc3f3999ffa40033553719549a72867f7c"}
,"C:\\Users\\USER\\Documents\\www\\vue-projects\\semicolon-vue\\semicolon\\src\\common\\config.js": {"path":"C:\\Users\\USER\\Documents\\www\\vue-projects\\semicolon-vue\\semicolon\\src\\common\\config.js","statementMap":{"0":{"start":{"line":1,"column":23},"end":{"line":1,"column":51}}},"fnMap":{},"branchMap":{},"s":{"0":0},"f":{},"b":{},"hash":"997ef01356f1daf30952c8cfa06af0db9a736cd6"}
,"C:\\Users\\USER\\Documents\\www\\vue-projects\\semicolon-vue\\semicolon\\src\\common\\date.filter.js": {"path":"C:\\Users\\USER\\Documents\\www\\vue-projects\\semicolon-vue\\semicolon\\src\\common\\date.filter.js","statementMap":{"0":{"start":{"line":4,"column":2},"end":{"line":4,"column":48}}},"fnMap":{"0":{"name":"(anonymous_0)","decl":{"start":{"line":3,"column":15},"end":{"line":3,"column":16}},"loc":{"start":{"line":3,"column":23},"end":{"line":5,"column":1}},"line":3}},"branchMap":{},"s":{"0":0},"f":{"0":0},"b":{},"hash":"6a5d47f4e393e5d631231ee25a9040c6bb2784c4"}
,"C:\\Users\\USER\\Documents\\www\\vue-projects\\semicolon-vue\\semicolon\\src\\common\\error.filter.js": {"path":"C:\\Users\\USER\\Documents\\www\\vue-projects\\semicolon-vue\\semicolon\\src\\common\\error.filter.js","statementMap":{"0":{"start":{"line":2,"column":2},"end":{"line":2,"column":28}}},"fnMap":{"0":{"name":"(anonymous_0)","decl":{"start":{"line":1,"column":15},"end":{"line":1,"column":16}},"loc":{"start":{"line":1,"column":29},"end":{"line":3,"column":1}},"line":1}},"branchMap":{},"s":{"0":0},"f":{"0":0},"b":{},"hash":"c6b968f2ea8ea2e10462f36b0e14eaf7730c5efb"}
,"C:\\Users\\USER\\Documents\\www\\vue-projects\\semicolon-vue\\semicolon\\src\\common\\jwt.service.js": {"path":"C:\\Users\\USER\\Documents\\www\\vue-projects\\semicolon-vue\\semicolon\\src\\common\\jwt.service.js","statementMap":{"0":{"start":{"line":1,"column":21},"end":{"line":1,"column":31}},"1":{"start":{"line":3,"column":24},"end":{"line":5,"column":1}},"2":{"start":{"line":4,"column":2},"end":{"line":4,"column":51}},"3":{"start":{"line":7,"column":25},"end":{"line":9,"column":1}},"4":{"start":{"line":8,"column":2},"end":{"line":8,"column":51}},"5":{"start":{"line":11,"column":28},"end":{"line":13,"column":1}},"6":{"start":{"line":12,"column":2},"end":{"line":12,"column":47}}},"fnMap":{"0":{"name":"(anonymous_0)","decl":{"start":{"line":3,"column":24},"end":{"line":3,"column":25}},"loc":{"start":{"line":3,"column":30},"end":{"line":5,"column":1}},"line":3},"1":{"name":"(anonymous_1)","decl":{"start":{"line":7,"column":25},"end":{"line":7,"column":26}},"loc":{"start":{"line":7,"column":34},"end":{"line":9,"column":1}},"line":7},"2":{"name":"(anonymous_2)","decl":{"start":{"line":11,"column":28},"end":{"line":11,"column":29}},"loc":{"start":{"line":11,"column":34},"end":{"line":13,"column":1}},"line":11}},"branchMap":{},"s":{"0":0,"1":0,"2":0,"3":0,"4":0,"5":0,"6":0},"f":{"0":0,"1":0,"2":0},"b":{},"hash":"3982d1a4635f64f0da863241b923c348a3748292"}
,"C:\\Users\\USER\\Documents\\www\\vue-projects\\semicolon-vue\\semicolon\\src\\components\\Alert\\Alert.vue": {"path":"C:\\Users\\USER\\Documents\\www\\vue-projects\\semicolon-vue\\semicolon\\src\\components\\Alert\\Alert.vue","statementMap":{"0":{"start":{"line":18,"column":0},"end":{"line":18,"column":null}}},"fnMap":{"0":{"name":"onClose","decl":{"start":{"line":17,"column":0},"end":{"line":17,"column":null}},"loc":{"start":{"line":17,"column":0},"end":{"line":19,"column":null}}}},"branchMap":{},"s":{"0":0},"f":{"0":0},"b":{}}
,"C:\\Users\\USER\\Documents\\www\\vue-projects\\semicolon-vue\\semicolon\\src\\components\\Registration\\Registration.vue": {"path":"C:\\Users\\USER\\Documents\\www\\vue-projects\\semicolon-vue\\semicolon\\src\\components\\Registration\\Registration.vue","statementMap":{"0":{"start":{"line":143,"column":0},"end":{"line":143,"column":null}},"1":{"start":{"line":144,"column":0},"end":{"line":144,"column":null}},"2":{"start":{"line":145,"column":0},"end":{"line":145,"column":null}},"3":{"start":{"line":151,"column":0},"end":{"line":151,"column":null}},"4":{"start":{"line":169,"column":0},"end":{"line":169,"column":null}},"5":{"start":{"line":173,"column":0},"end":{"line":173,"column":null}},"6":{"start":{"line":176,"column":0},"end":{"line":178,"column":null}},"7":{"start":{"line":177,"column":0},"end":{"line":177,"column":null}},"8":{"start":{"line":178,"column":0},"end":{"line":178,"column":null}},"9":{"start":{"line":182,"column":0},"end":{"line":182,"column":null}},"10":{"start":{"line":183,"column":0},"end":{"line":183,"column":null}},"11":{"start":{"line":188,"column":0},"end":{"line":188,"column":null}},"12":{"start":{"line":193,"column":0},"end":{"line":193,"column":null}},"13":{"start":{"line":196,"column":0},"end":{"line":196,"column":null}},"14":{"start":{"line":199,"column":0},"end":{"line":199,"column":null}},"15":{"start":{"line":202,"column":0},"end":{"line":202,"column":null}},"16":{"start":{"line":204,"column":0},"end":{"line":204,"column":null}},"17":{"start":{"line":205,"column":0},"end":{"line":216,"column":null}},"18":{"start":{"line":206,"column":0},"end":{"line":215,"column":null}},"19":{"start":{"line":215,"column":0},"end":{"line":215,"column":null}}},"fnMap":{"0":{"name":"data","decl":{"start":{"line":150,"column":0},"end":{"line":150,"column":null}},"loc":{"start":{"line":150,"column":0},"end":{"line":166,"column":null}}},"1":{"name":"mounted","decl":{"start":{"line":168,"column":0},"end":{"line":168,"column":null}},"loc":{"start":{"line":168,"column":0},"end":{"line":170,"column":null}}},"2":{"name":"regexValidationForNumber","decl":{"start":{"line":172,"column":0},"end":{"line":172,"column":null}},"loc":{"start":{"line":172,"column":0},"end":{"line":174,"column":null}}},"3":{"name":"(anonymous_10)","decl":{"start":{"line":173,"column":0},"end":{"line":173,"column":null}},"loc":{"start":{"line":173,"column":0},"end":{"line":173,"column":null}}},"4":{"name":"emailRule","decl":{"start":{"line":175,"column":0},"end":{"line":175,"column":null}},"loc":{"start":{"line":175,"column":0},"end":{"line":180,"column":null}}},"5":{"name":"(anonymous_12)","decl":{"start":{"line":176,"column":0},"end":{"line":176,"column":null}},"loc":{"start":{"line":176,"column":0},"end":{"line":177,"column":null}}},"6":{"name":"(anonymous_13)","decl":{"start":{"line":177,"column":0},"end":{"line":177,"column":null}},"loc":{"start":{"line":177,"column":0},"end":{"line":178,"column":null}}},"7":{"name":"errors","decl":{"start":{"line":182,"column":0},"end":{"line":182,"column":null}},"loc":{"start":{"line":182,"column":0},"end":{"line":182,"column":null}}},"8":{"name":"isLoading","decl":{"start":{"line":183,"column":0},"end":{"line":183,"column":null}},"loc":{"start":{"line":183,"column":0},"end":{"line":183,"column":null}}},"9":{"name":"search","decl":{"start":{"line":187,"column":0},"end":{"line":187,"column":null}},"loc":{"start":{"line":187,"column":0},"end":{"line":189,"column":null}}},"10":{"name":"setAgeRange","decl":{"start":{"line":192,"column":0},"end":{"line":192,"column":null}},"loc":{"start":{"line":192,"column":0},"end":{"line":194,"column":null}}},"11":{"name":"isPhoneNumberValid","decl":{"start":{"line":195,"column":0},"end":{"line":195,"column":null}},"loc":{"start":{"line":195,"column":0},"end":{"line":197,"column":null}}},"12":{"name":"onFocus","decl":{"start":{"line":198,"column":0},"end":{"line":198,"column":null}},"loc":{"start":{"line":198,"column":0},"end":{"line":200,"column":null}}},"13":{"name":"countrySelected","decl":{"start":{"line":201,"column":0},"end":{"line":201,"column":null}},"loc":{"start":{"line":201,"column":0},"end":{"line":203,"column":null}}},"14":{"name":"onSignup","decl":{"start":{"line":204,"column":0},"end":{"line":204,"column":null}},"loc":{"start":{"line":204,"column":0},"end":{"line":217,"column":null}}},"15":{"name":"(anonymous_22)","decl":{"start":{"line":207,"column":0},"end":{"line":207,"column":null}},"loc":{"start":{"line":207,"column":0},"end":{"line":215,"column":null}}}},"branchMap":{"0":{"loc":{"start":{"line":173,"column":0},"end":{"line":173,"column":null}},"type":"binary-expr","locations":[{"start":{"line":173,"column":0},"end":{"line":173,"column":null}},{"start":{"line":173,"column":0},"end":{"line":173,"column":null}}]},"1":{"loc":{"start":{"line":178,"column":0},"end":{"line":178,"column":null}},"type":"binary-expr","locations":[{"start":{"line":178,"column":0},"end":{"line":178,"column":null}},{"start":{"line":178,"column":0},"end":{"line":178,"column":null}}]},"2":{"loc":{"start":{"line":188,"column":0},"end":{"line":188,"column":null}},"type":"binary-expr","locations":[{"start":{"line":188,"column":0},"end":{"line":188,"column":null}},{"start":{"line":188,"column":0},"end":{"line":188,"column":null}},{"start":{"line":188,"column":0},"end":{"line":188,"column":null}}]},"3":{"loc":{"start":{"line":196,"column":0},"end":{"line":196,"column":null}},"type":"binary-expr","locations":[{"start":{"line":196,"column":0},"end":{"line":196,"column":null}},{"start":{"line":196,"column":0},"end":{"line":196,"column":null}},{"start":{"line":196,"column":0},"end":{"line":196,"column":null}}]},"4":{"loc":{"start":{"line":205,"column":0},"end":{"line":216,"column":null}},"type":"if","locations":[{"start":{"line":205,"column":0},"end":{"line":216,"column":null}},{"start":{"line":205,"column":0},"end":{"line":216,"column":null}}]}},"s":{"0":0,"1":0,"2":0,"3":0,"4":0,"5":0,"6":0,"7":0,"8":0,"9":0,"10":0,"11":0,"12":0,"13":0,"14":0,"15":0,"16":0,"17":0,"18":0,"19":0},"f":{"0":0,"1":0,"2":0,"3":0,"4":0,"5":0,"6":0,"7":0,"8":0,"9":0,"10":0,"11":0,"12":0,"13":0,"14":0,"15":0},"b":{"0":[0,0],"1":[0,0],"2":[0,0,0],"3":[0,0,0],"4":[0,0]}}
,"C:\\Users\\USER\\Documents\\www\\vue-projects\\semicolon-vue\\semicolon\\src\\components\\header\\Header.vue": {"path":"C:\\Users\\USER\\Documents\\www\\vue-projects\\semicolon-vue\\semicolon\\src\\components\\header\\Header.vue","statementMap":{"0":{"start":{"line":75,"column":0},"end":{"line":75,"column":null}}},"fnMap":{},"branchMap":{},"s":{"0":0},"f":{},"b":{}}
,"C:\\Users\\USER\\Documents\\www\\vue-projects\\semicolon-vue\\semicolon\\src\\plugins\\theme.js": {"path":"C:\\Users\\USER\\Documents\\www\\vue-projects\\semicolon-vue\\semicolon\\src\\plugins\\theme.js","statementMap":{},"fnMap":{},"branchMap":{},"s":{},"f":{},"b":{},"hash":"d87da5aec62349fe08e49d52218c4c70e6484a14"}
,"C:\\Users\\USER\\Documents\\www\\vue-projects\\semicolon-vue\\semicolon\\src\\plugins\\vuetify.js": {"path":"C:\\Users\\USER\\Documents\\www\\vue-projects\\semicolon-vue\\semicolon\\src\\plugins\\vuetify.js","statementMap":{"0":{"start":{"line":9,"column":0},"end":{"line":9,"column":17}},"1":{"start":{"line":11,"column":16},"end":{"line":19,"column":1}}},"fnMap":{},"branchMap":{},"s":{"0":0,"1":0},"f":{},"b":{},"hash":"c7f93e7bbd7624ea62859b6bcb08e1c8c6d41d7b"}
,"C:\\Users\\USER\\Documents\\www\\vue-projects\\semicolon-vue\\semicolon\\src\\router\\router.index.js": {"path":"C:\\Users\\USER\\Documents\\www\\vue-projects\\semicolon-vue\\semicolon\\src\\router\\router.index.js","statementMap":{"0":{"start":{"line":4,"column":0},"end":{"line":4,"column":16}},"1":{"start":{"line":12,"column":23},"end":{"line":12,"column":51}},"2":{"start":{"line":25,"column":23},"end":{"line":25,"column":58}}},"fnMap":{"0":{"name":"(anonymous_0)","decl":{"start":{"line":12,"column":17},"end":{"line":12,"column":18}},"loc":{"start":{"line":12,"column":23},"end":{"line":12,"column":51}},"line":12},"1":{"name":"(anonymous_1)","decl":{"start":{"line":25,"column":17},"end":{"line":25,"column":18}},"loc":{"start":{"line":25,"column":23},"end":{"line":25,"column":58}},"line":25}},"branchMap":{},"s":{"0":0,"1":0,"2":0},"f":{"0":0,"1":0},"b":{},"hash":"0ce82e54ca1b0d3531064d5e6b7c7c6af488efd4"}
,"C:\\Users\\USER\\Documents\\www\\vue-projects\\semicolon-vue\\semicolon\\src\\store\\actions.type.js": {"path":"C:\\Users\\USER\\Documents\\www\\vue-projects\\semicolon-vue\\semicolon\\src\\store\\actions.type.js","statementMap":{"0":{"start":{"line":1,"column":21},"end":{"line":1,"column":28}},"1":{"start":{"line":2,"column":22},"end":{"line":2,"column":30}},"2":{"start":{"line":3,"column":24},"end":{"line":3,"column":34}}},"fnMap":{},"branchMap":{},"s":{"0":0,"1":0,"2":0},"f":{},"b":{},"hash":"45beb25d132110599b9a1399814ba8c7a09ead15"}
,"C:\\Users\\USER\\Documents\\www\\vue-projects\\semicolon-vue\\semicolon\\src\\store\\auth.module.js": {"path":"C:\\Users\\USER\\Documents\\www\\vue-projects\\semicolon-vue\\semicolon\\src\\store\\auth.module.js","statementMap":{"0":{"start":{"line":12,"column":14},"end":{"line":17,"column":1}},"1":{"start":{"line":19,"column":16},"end":{"line":29,"column":1}},"2":{"start":{"line":21,"column":4},"end":{"line":21,"column":22}},"3":{"start":{"line":24,"column":4},"end":{"line":24,"column":27}},"4":{"start":{"line":27,"column":4},"end":{"line":27,"column":33}},"5":{"start":{"line":31,"column":16},"end":{"line":79,"column":1}},"6":{"start":{"line":33,"column":4},"end":{"line":42,"column":7}},"7":{"start":{"line":34,"column":6},"end":{"line":41,"column":11}},"8":{"start":{"line":36,"column":10},"end":{"line":36,"column":41}},"9":{"start":{"line":37,"column":10},"end":{"line":37,"column":24}},"10":{"start":{"line":40,"column":10},"end":{"line":40,"column":58}},"11":{"start":{"line":45,"column":4},"end":{"line":45,"column":31}},"12":{"start":{"line":48,"column":4},"end":{"line":63,"column":7}},"13":{"start":{"line":49,"column":6},"end":{"line":49,"column":34}},"14":{"start":{"line":50,"column":6},"end":{"line":62,"column":11}},"15":{"start":{"line":52,"column":10},"end":{"line":52,"column":41}},"16":{"start":{"line":53,"column":10},"end":{"line":53,"column":24}},"17":{"start":{"line":56,"column":10},"end":{"line":56,"column":50}},"18":{"start":{"line":57,"column":10},"end":{"line":57,"column":64}},"19":{"start":{"line":58,"column":10},"end":{"line":60,"column":19}},"20":{"start":{"line":59,"column":12},"end":{"line":59,"column":40}},"21":{"start":{"line":61,"column":10},"end":{"line":61,"column":33}},"22":{"start":{"line":66,"column":4},"end":{"line":77,"column":5}},"23":{"start":{"line":67,"column":6},"end":{"line":67,"column":29}},"24":{"start":{"line":68,"column":6},"end":{"line":74,"column":11}},"25":{"start":{"line":70,"column":10},"end":{"line":70,"column":46}},"26":{"start":{"line":73,"column":10},"end":{"line":73,"column":58}},"27":{"start":{"line":76,"column":6},"end":{"line":76,"column":33}},"28":{"start":{"line":81,"column":18},"end":{"line":106,"column":1}},"29":{"start":{"line":83,"column":4},"end":{"line":83,"column":27}},"30":{"start":{"line":87,"column":4},"end":{"line":87,"column":25}},"31":{"start":{"line":88,"column":4},"end":{"line":88,"column":28}},"32":{"start":{"line":91,"column":4},"end":{"line":91,"column":33}},"33":{"start":{"line":92,"column":4},"end":{"line":92,"column":22}},"34":{"start":{"line":93,"column":4},"end":{"line":93,"column":28}},"35":{"start":{"line":94,"column":4},"end":{"line":94,"column":22}},"36":{"start":{"line":95,"column":4},"end":{"line":95,"column":43}},"37":{"start":{"line":98,"column":4},"end":{"line":98,"column":34}},"38":{"start":{"line":99,"column":4},"end":{"line":99,"column":20}},"39":{"start":{"line":100,"column":4},"end":{"line":100,"column":22}},"40":{"start":{"line":101,"column":4},"end":{"line":101,"column":30}},"41":{"start":{"line":104,"column":4},"end":{"line":104,"column":22}}},"fnMap":{"0":{"name":"(anonymous_0)","decl":{"start":{"line":20,"column":2},"end":{"line":20,"column":3}},"loc":{"start":{"line":20,"column":21},"end":{"line":22,"column":3}},"line":20},"1":{"name":"(anonymous_1)","decl":{"start":{"line":23,"column":2},"end":{"line":23,"column":3}},"loc":{"start":{"line":23,"column":23},"end":{"line":25,"column":3}},"line":23},"2":{"name":"(anonymous_2)","decl":{"start":{"line":26,"column":2},"end":{"line":26,"column":3}},"loc":{"start":{"line":26,"column":25},"end":{"line":28,"column":3}},"line":26},"3":{"name":"(anonymous_3)","decl":{"start":{"line":32,"column":2},"end":{"line":32,"column":3}},"loc":{"start":{"line":32,"column":32},"end":{"line":43,"column":3}},"line":32},"4":{"name":"(anonymous_4)","decl":{"start":{"line":33,"column":23},"end":{"line":33,"column":24}},"loc":{"start":{"line":33,"column":34},"end":{"line":42,"column":5}},"line":33},"5":{"name":"(anonymous_5)","decl":{"start":{"line":35,"column":14},"end":{"line":35,"column":15}},"loc":{"start":{"line":35,"column":28},"end":{"line":38,"column":9}},"line":35},"6":{"name":"(anonymous_6)","decl":{"start":{"line":39,"column":15},"end":{"line":39,"column":16}},"loc":{"start":{"line":39,"column":33},"end":{"line":41,"column":9}},"line":39},"7":{"name":"(anonymous_7)","decl":{"start":{"line":44,"column":2},"end":{"line":44,"column":3}},"loc":{"start":{"line":44,"column":20},"end":{"line":46,"column":3}},"line":44},"8":{"name":"(anonymous_8)","decl":{"start":{"line":47,"column":2},"end":{"line":47,"column":3}},"loc":{"start":{"line":47,"column":35},"end":{"line":64,"column":3}},"line":47},"9":{"name":"(anonymous_9)","decl":{"start":{"line":48,"column":23},"end":{"line":48,"column":24}},"loc":{"start":{"line":48,"column":44},"end":{"line":63,"column":5}},"line":48},"10":{"name":"(anonymous_10)","decl":{"start":{"line":51,"column":14},"end":{"line":51,"column":15}},"loc":{"start":{"line":51,"column":28},"end":{"line":54,"column":9}},"line":51},"11":{"name":"(anonymous_11)","decl":{"start":{"line":55,"column":15},"end":{"line":55,"column":16}},"loc":{"start":{"line":55,"column":24},"end":{"line":62,"column":9}},"line":55},"12":{"name":"(anonymous_12)","decl":{"start":{"line":58,"column":21},"end":{"line":58,"column":22}},"loc":{"start":{"line":58,"column":27},"end":{"line":60,"column":11}},"line":58},"13":{"name":"(anonymous_13)","decl":{"start":{"line":65,"column":2},"end":{"line":65,"column":3}},"loc":{"start":{"line":65,"column":24},"end":{"line":78,"column":3}},"line":65},"14":{"name":"(anonymous_14)","decl":{"start":{"line":69,"column":14},"end":{"line":69,"column":15}},"loc":{"start":{"line":69,"column":28},"end":{"line":71,"column":9}},"line":69},"15":{"name":"(anonymous_15)","decl":{"start":{"line":72,"column":15},"end":{"line":72,"column":16}},"loc":{"start":{"line":72,"column":33},"end":{"line":74,"column":9}},"line":72},"16":{"name":"(anonymous_16)","decl":{"start":{"line":82,"column":2},"end":{"line":82,"column":3}},"loc":{"start":{"line":82,"column":23},"end":{"line":84,"column":3}},"line":82},"17":{"name":"(anonymous_17)","decl":{"start":{"line":86,"column":2},"end":{"line":86,"column":3}},"loc":{"start":{"line":86,"column":28},"end":{"line":89,"column":3}},"line":86},"18":{"name":"(anonymous_18)","decl":{"start":{"line":90,"column":2},"end":{"line":90,"column":3}},"loc":{"start":{"line":90,"column":26},"end":{"line":96,"column":3}},"line":90},"19":{"name":"(anonymous_19)","decl":{"start":{"line":97,"column":2},"end":{"line":97,"column":3}},"loc":{"start":{"line":97,"column":22},"end":{"line":102,"column":3}},"line":97},"20":{"name":"(anonymous_20)","decl":{"start":{"line":103,"column":2},"end":{"line":103,"column":3}},"loc":{"start":{"line":103,"column":23},"end":{"line":105,"column":3}},"line":103}},"branchMap":{"0":{"loc":{"start":{"line":66,"column":4},"end":{"line":77,"column":5}},"type":"if","locations":[{"start":{"line":66,"column":4},"end":{"line":77,"column":5}},{"start":{"line":66,"column":4},"end":{"line":77,"column":5}}],"line":66}},"s":{"0":0,"1":0,"2":0,"3":0,"4":0,"5":0,"6":0,"7":0,"8":0,"9":0,"10":0,"11":0,"12":0,"13":0,"14":0,"15":0,"16":0,"17":0,"18":0,"19":0,"20":0,"21":0,"22":0,"23":0,"24":0,"25":0,"26":0,"27":0,"28":0,"29":0,"30":0,"31":0,"32":0,"33":0,"34":0,"35":0,"36":0,"37":0,"38":0,"39":0,"40":0,"41":0},"f":{"0":0,"1":0,"2":0,"3":0,"4":0,"5":0,"6":0,"7":0,"8":0,"9":0,"10":0,"11":0,"12":0,"13":0,"14":0,"15":0,"16":0,"17":0,"18":0,"19":0,"20":0},"b":{"0":[0,0]},"hash":"557853e3f913f9325054d3ce68b55003b520b218"}
,"C:\\Users\\USER\\Documents\\www\\vue-projects\\semicolon-vue\\semicolon\\src\\store\\mutations.type.js": {"path":"C:\\Users\\USER\\Documents\\www\\vue-projects\\semicolon-vue\\semicolon\\src\\store\\mutations.type.js","statementMap":{"0":{"start":{"line":1,"column":27},"end":{"line":1,"column":39}},"1":{"start":{"line":2,"column":26},"end":{"line":2,"column":34}},"2":{"start":{"line":3,"column":27},"end":{"line":3,"column":39}},"3":{"start":{"line":4,"column":24},"end":{"line":4,"column":33}},"4":{"start":{"line":5,"column":25},"end":{"line":5,"column":35}},"5":{"start":{"line":6,"column":27},"end":{"line":6,"column":39}},"6":{"start":{"line":7,"column":27},"end":{"line":7,"column":39}}},"fnMap":{},"branchMap":{},"s":{"0":0,"1":0,"2":0,"3":0,"4":0,"5":0,"6":0},"f":{},"b":{},"hash":"35864d3e325b43c7aac62009dd5b20dc5d466ef3"}
,"C:\\Users\\USER\\Documents\\www\\vue-projects\\semicolon-vue\\semicolon\\src\\views\\Apply.vue": {"path":"C:\\Users\\USER\\Documents\\www\\vue-projects\\semicolon-vue\\semicolon\\src\\views\\Apply.vue","statementMap":{"0":{"start":{"line":209,"column":0},"end":{"line":209,"column":null}},"1":{"start":{"line":210,"column":0},"end":{"line":210,"column":null}},"2":{"start":{"line":211,"column":0},"end":{"line":211,"column":null}},"3":{"start":{"line":216,"column":0},"end":{"line":216,"column":null}},"4":{"start":{"line":234,"column":0},"end":{"line":234,"column":null}},"5":{"start":{"line":238,"column":0},"end":{"line":238,"column":null}},"6":{"start":{"line":241,"column":0},"end":{"line":243,"column":null}},"7":{"start":{"line":242,"column":0},"end":{"line":242,"column":null}},"8":{"start":{"line":243,"column":0},"end":{"line":243,"column":null}},"9":{"start":{"line":247,"column":0},"end":{"line":247,"column":null}},"10":{"start":{"line":248,"column":0},"end":{"line":248,"column":null}},"11":{"start":{"line":253,"column":0},"end":{"line":253,"column":null}},"12":{"start":{"line":258,"column":0},"end":{"line":258,"column":null}},"13":{"start":{"line":261,"column":0},"end":{"line":261,"column":null}},"14":{"start":{"line":264,"column":0},"end":{"line":264,"column":null}},"15":{"start":{"line":267,"column":0},"end":{"line":267,"column":null}},"16":{"start":{"line":269,"column":0},"end":{"line":269,"column":null}},"17":{"start":{"line":270,"column":0},"end":{"line":281,"column":null}},"18":{"start":{"line":271,"column":0},"end":{"line":280,"column":null}},"19":{"start":{"line":280,"column":0},"end":{"line":280,"column":null}}},"fnMap":{"0":{"name":"data","decl":{"start":{"line":215,"column":0},"end":{"line":215,"column":null}},"loc":{"start":{"line":215,"column":0},"end":{"line":231,"column":null}}},"1":{"name":"mounted","decl":{"start":{"line":233,"column":0},"end":{"line":233,"column":null}},"loc":{"start":{"line":233,"column":0},"end":{"line":235,"column":null}}},"2":{"name":"regexValidationForNumber","decl":{"start":{"line":237,"column":0},"end":{"line":237,"column":null}},"loc":{"start":{"line":237,"column":0},"end":{"line":239,"column":null}}},"3":{"name":"(anonymous_10)","decl":{"start":{"line":238,"column":0},"end":{"line":238,"column":null}},"loc":{"start":{"line":238,"column":0},"end":{"line":238,"column":null}}},"4":{"name":"emailRule","decl":{"start":{"line":240,"column":0},"end":{"line":240,"column":null}},"loc":{"start":{"line":240,"column":0},"end":{"line":245,"column":null}}},"5":{"name":"(anonymous_12)","decl":{"start":{"line":241,"column":0},"end":{"line":241,"column":null}},"loc":{"start":{"line":241,"column":0},"end":{"line":242,"column":null}}},"6":{"name":"(anonymous_13)","decl":{"start":{"line":242,"column":0},"end":{"line":242,"column":null}},"loc":{"start":{"line":242,"column":0},"end":{"line":243,"column":null}}},"7":{"name":"errors","decl":{"start":{"line":247,"column":0},"end":{"line":247,"column":null}},"loc":{"start":{"line":247,"column":0},"end":{"line":247,"column":null}}},"8":{"name":"isLoading","decl":{"start":{"line":248,"column":0},"end":{"line":248,"column":null}},"loc":{"start":{"line":248,"column":0},"end":{"line":248,"column":null}}},"9":{"name":"search","decl":{"start":{"line":252,"column":0},"end":{"line":252,"column":null}},"loc":{"start":{"line":252,"column":0},"end":{"line":254,"column":null}}},"10":{"name":"setAgeRange","decl":{"start":{"line":257,"column":0},"end":{"line":257,"column":null}},"loc":{"start":{"line":257,"column":0},"end":{"line":259,"column":null}}},"11":{"name":"isPhoneNumberValid","decl":{"start":{"line":260,"column":0},"end":{"line":260,"column":null}},"loc":{"start":{"line":260,"column":0},"end":{"line":262,"column":null}}},"12":{"name":"onFocus","decl":{"start":{"line":263,"column":0},"end":{"line":263,"column":null}},"loc":{"start":{"line":263,"column":0},"end":{"line":265,"column":null}}},"13":{"name":"countrySelected","decl":{"start":{"line":266,"column":0},"end":{"line":266,"column":null}},"loc":{"start":{"line":266,"column":0},"end":{"line":268,"column":null}}},"14":{"name":"onSignUp","decl":{"start":{"line":269,"column":0},"end":{"line":269,"column":null}},"loc":{"start":{"line":269,"column":0},"end":{"line":282,"column":null}}},"15":{"name":"(anonymous_22)","decl":{"start":{"line":272,"column":0},"end":{"line":272,"column":null}},"loc":{"start":{"line":272,"column":0},"end":{"line":280,"column":null}}}},"branchMap":{"0":{"loc":{"start":{"line":238,"column":0},"end":{"line":238,"column":null}},"type":"binary-expr","locations":[{"start":{"line":238,"column":0},"end":{"line":238,"column":null}},{"start":{"line":238,"column":0},"end":{"line":238,"column":null}}]},"1":{"loc":{"start":{"line":243,"column":0},"end":{"line":243,"column":null}},"type":"binary-expr","locations":[{"start":{"line":243,"column":0},"end":{"line":243,"column":null}},{"start":{"line":243,"column":0},"end":{"line":243,"column":null}}]},"2":{"loc":{"start":{"line":253,"column":0},"end":{"line":253,"column":null}},"type":"binary-expr","locations":[{"start":{"line":253,"column":0},"end":{"line":253,"column":null}},{"start":{"line":253,"column":0},"end":{"line":253,"column":null}},{"start":{"line":253,"column":0},"end":{"line":253,"column":null}}]},"3":{"loc":{"start":{"line":261,"column":0},"end":{"line":261,"column":null}},"type":"binary-expr","locations":[{"start":{"line":261,"column":0},"end":{"line":261,"column":null}},{"start":{"line":261,"column":0},"end":{"line":261,"column":null}},{"start":{"line":261,"column":0},"end":{"line":261,"column":null}}]},"4":{"loc":{"start":{"line":270,"column":0},"end":{"line":281,"column":null}},"type":"if","locations":[{"start":{"line":270,"column":0},"end":{"line":281,"column":null}},{"start":{"line":270,"column":0},"end":{"line":281,"column":null}}]}},"s":{"0":0,"1":0,"2":0,"3":0,"4":0,"5":0,"6":0,"7":0,"8":0,"9":0,"10":0,"11":0,"12":0,"13":0,"14":0,"15":0,"16":0,"17":0,"18":0,"19":0},"f":{"0":0,"1":0,"2":0,"3":0,"4":0,"5":0,"6":0,"7":0,"8":0,"9":0,"10":0,"11":0,"12":0,"13":0,"14":0,"15":0},"b":{"0":[0,0],"1":[0,0],"2":[0,0,0],"3":[0,0,0],"4":[0,0]}}
,"C:\\Users\\USER\\Documents\\www\\vue-projects\\semicolon-vue\\semicolon\\src\\views\\HelloWorld.vue": {"path":"C:\\Users\\USER\\Documents\\www\\vue-projects\\semicolon-vue\\semicolon\\src\\views\\HelloWorld.vue","statementMap":{"0":{"start":{"line":88,"column":0},"end":{"line":88,"column":null}}},"fnMap":{"0":{"name":"data","decl":{"start":{"line":88,"column":0},"end":{"line":88,"column":null}},"loc":{"start":{"line":88,"column":0},"end":{"line":88,"column":null}}}},"branchMap":{},"s":{"0":0},"f":{"0":0},"b":{}}
,"C:\\Users\\USER\\Documents\\www\\vue-projects\\semicolon-vue\\semicolon\\src\\views\\RegisterationView.vue": {"path":"C:\\Users\\USER\\Documents\\www\\vue-projects\\semicolon-vue\\semicolon\\src\\views\\RegisterationView.vue","statementMap":{"0":{"start":{"line":10,"column":0},"end":{"line":10,"column":null}},"1":{"start":{"line":11,"column":0},"end":{"line":11,"column":null}},"2":{"start":{"line":12,"column":0},"end":{"line":12,"column":null}},"3":{"start":{"line":13,"column":0},"end":{"line":13,"column":null}}},"fnMap":{},"branchMap":{},"s":{"0":0,"1":0,"2":0,"3":0},"f":{},"b":{}}
}
