TN:
SF:C:\Users\USER\Documents\www\vue-projects\semicolon-vue\semicolon\src\App.vue
FN:23,errors
FN:24,isLoading
FNF:2
FNH:0
FNDA:0,errors
FNDA:0,isLoading
DA:17,0
DA:23,0
DA:24,0
LF:3
LH:0
BRF:0
BRH:0
end_of_record
TN:
SF:C:\Users\USER\Documents\www\vue-projects\semicolon-vue\semicolon\src\registerServiceWorker.js
FN:7,(anonymous_0)
FN:13,(anonymous_1)
FN:16,(anonymous_2)
FN:19,(anonymous_3)
FN:24,(anonymous_4)
FNF:5
FNH:0
FNDA:0,(anonymous_0)
FNDA:0,(anonymous_1)
FNDA:0,(anonymous_2)
FNDA:0,(anonymous_3)
FNDA:0,(anonymous_4)
DA:5,0
DA:6,0
DA:8,0
DA:14,0
DA:17,0
DA:20,0
DA:25,0
LF:7
LH:0
BRDA:5,0,0,0
BRDA:5,0,1,0
BRF:2
BRH:0
end_of_record
TN:
SF:C:\Users\USER\Documents\www\vue-projects\semicolon-vue\semicolon\src\common\api.service.js
FN:8,(anonymous_0)
FN:13,(anonymous_1)
FN:19,(anonymous_2)
FN:20,(anonymous_3)
FN:25,(anonymous_4)
FN:26,(anonymous_5)
FN:31,(anonymous_6)
FN:35,(anonymous_7)
FN:39,(anonymous_8)
FN:43,(anonymous_9)
FN:44,(anonymous_10)
FN:53,(anonymous_11)
FN:59,(anonymous_12)
FN:64,(anonymous_13)
FN:67,(anonymous_14)
FN:70,(anonymous_15)
FN:73,(anonymous_16)
FN:79,(anonymous_17)
FN:88,(anonymous_18)
FN:94,(anonymous_19)
FN:100,(anonymous_20)
FN:103,(anonymous_21)
FNF:22
FNH:0
FNDA:0,(anonymous_0)
FNDA:0,(anonymous_1)
FNDA:0,(anonymous_2)
FNDA:0,(anonymous_3)
FNDA:0,(anonymous_4)
FNDA:0,(anonymous_5)
FNDA:0,(anonymous_6)
FNDA:0,(anonymous_7)
FNDA:0,(anonymous_8)
FNDA:0,(anonymous_9)
FNDA:0,(anonymous_10)
FNDA:0,(anonymous_11)
FNDA:0,(anonymous_12)
FNDA:0,(anonymous_13)
FNDA:0,(anonymous_14)
FNDA:0,(anonymous_15)
FNDA:0,(anonymous_16)
FNDA:0,(anonymous_17)
FNDA:0,(anonymous_18)
FNDA:0,(anonymous_19)
FNDA:0,(anonymous_20)
FNDA:0,(anonymous_21)
DA:7,0
DA:9,0
DA:10,0
DA:14,0
DA:20,0
DA:21,0
DA:26,0
DA:27,0
DA:32,0
DA:36,0
DA:40,0
DA:44,0
DA:45,0
DA:52,0
DA:54,0
DA:58,0
DA:60,0
DA:65,0
DA:68,0
DA:71,0
DA:74,0
DA:78,0
DA:80,0
DA:81,0
DA:85,0
DA:89,0
DA:95,0
DA:99,0
DA:101,0
DA:104,0
LF:30
LH:0
BRDA:25,0,0,0
BRDA:60,1,0,0
BRDA:60,1,1,0
BRDA:80,2,0,0
BRDA:80,2,1,0
BRF:5
BRH:0
end_of_record
TN:
SF:C:\Users\USER\Documents\www\vue-projects\semicolon-vue\semicolon\src\common\config.js
FNF:0
FNH:0
DA:1,0
LF:1
LH:0
BRF:0
BRH:0
end_of_record
TN:
SF:C:\Users\USER\Documents\www\vue-projects\semicolon-vue\semicolon\src\common\date.filter.js
FN:3,(anonymous_0)
FNF:1
FNH:0
FNDA:0,(anonymous_0)
DA:4,0
LF:1
LH:0
BRF:0
BRH:0
end_of_record
TN:
SF:C:\Users\USER\Documents\www\vue-projects\semicolon-vue\semicolon\src\common\error.filter.js
FN:1,(anonymous_0)
FNF:1
FNH:0
FNDA:0,(anonymous_0)
DA:2,0
LF:1
LH:0
BRF:0
BRH:0
end_of_record
TN:
SF:C:\Users\USER\Documents\www\vue-projects\semicolon-vue\semicolon\src\common\jwt.service.js
FN:3,(anonymous_0)
FN:7,(anonymous_1)
FN:11,(anonymous_2)
FNF:3
FNH:0
FNDA:0,(anonymous_0)
FNDA:0,(anonymous_1)
FNDA:0,(anonymous_2)
DA:1,0
DA:3,0
DA:4,0
DA:7,0
DA:8,0
DA:11,0
DA:12,0
LF:7
LH:0
BRF:0
BRH:0
end_of_record
TN:
SF:C:\Users\USER\Documents\www\vue-projects\semicolon-vue\semicolon\src\components\Alert\Alert.vue
FN:17,onClose
FNF:1
FNH:0
FNDA:0,onClose
DA:18,0
LF:1
LH:0
BRF:0
BRH:0
end_of_record
TN:
SF:C:\Users\USER\Documents\www\vue-projects\semicolon-vue\semicolon\src\components\Registration\Registration.vue
FN:150,data
FN:168,mounted
FN:172,regexValidationForNumber
FN:173,(anonymous_10)
FN:175,emailRule
FN:176,(anonymous_12)
FN:177,(anonymous_13)
FN:182,errors
FN:183,isLoading
FN:187,search
FN:192,setAgeRange
FN:195,isPhoneNumberValid
FN:198,onFocus
FN:201,countrySelected
FN:204,onSignup
FN:207,(anonymous_22)
FNF:16
FNH:0
FNDA:0,data
FNDA:0,mounted
FNDA:0,regexValidationForNumber
FNDA:0,(anonymous_10)
FNDA:0,emailRule
FNDA:0,(anonymous_12)
FNDA:0,(anonymous_13)
FNDA:0,errors
FNDA:0,isLoading
FNDA:0,search
FNDA:0,setAgeRange
FNDA:0,isPhoneNumberValid
FNDA:0,onFocus
FNDA:0,countrySelected
FNDA:0,onSignup
FNDA:0,(anonymous_22)
DA:143,0
DA:144,0
DA:145,0
DA:151,0
DA:169,0
DA:173,0
DA:176,0
DA:177,0
DA:178,0
DA:182,0
DA:183,0
DA:188,0
DA:193,0
DA:196,0
DA:199,0
DA:202,0
DA:204,0
DA:205,0
DA:206,0
DA:215,0
LF:20
LH:0
BRDA:173,0,0,0
BRDA:173,0,1,0
BRDA:178,1,0,0
BRDA:178,1,1,0
BRDA:188,2,0,0
BRDA:188,2,1,0
BRDA:188,2,2,0
BRDA:196,3,0,0
BRDA:196,3,1,0
BRDA:196,3,2,0
BRDA:205,4,0,0
BRDA:205,4,1,0
BRF:12
BRH:0
end_of_record
TN:
SF:C:\Users\USER\Documents\www\vue-projects\semicolon-vue\semicolon\src\components\header\Header.vue
FNF:0
FNH:0
DA:75,0
LF:1
LH:0
BRF:0
BRH:0
end_of_record
TN:
SF:C:\Users\USER\Documents\www\vue-projects\semicolon-vue\semicolon\src\plugins\theme.js
FNF:0
FNH:0
LF:0
LH:0
BRF:0
BRH:0
end_of_record
TN:
SF:C:\Users\USER\Documents\www\vue-projects\semicolon-vue\semicolon\src\plugins\vuetify.js
FNF:0
FNH:0
DA:9,0
DA:11,0
LF:2
LH:0
BRF:0
BRH:0
end_of_record
TN:
SF:C:\Users\USER\Documents\www\vue-projects\semicolon-vue\semicolon\src\router\router.index.js
FN:12,(anonymous_0)
FN:25,(anonymous_1)
FNF:2
FNH:0
FNDA:0,(anonymous_0)
FNDA:0,(anonymous_1)
DA:4,0
DA:12,0
DA:25,0
LF:3
LH:0
BRF:0
BRH:0
end_of_record
TN:
SF:C:\Users\USER\Documents\www\vue-projects\semicolon-vue\semicolon\src\store\actions.type.js
FNF:0
FNH:0
DA:1,0
DA:2,0
DA:3,0
LF:3
LH:0
BRF:0
BRH:0
end_of_record
TN:
SF:C:\Users\USER\Documents\www\vue-projects\semicolon-vue\semicolon\src\store\auth.module.js
FN:20,(anonymous_0)
FN:23,(anonymous_1)
FN:26,(anonymous_2)
FN:32,(anonymous_3)
FN:33,(anonymous_4)
FN:35,(anonymous_5)
FN:39,(anonymous_6)
FN:44,(anonymous_7)
FN:47,(anonymous_8)
FN:48,(anonymous_9)
FN:51,(anonymous_10)
FN:55,(anonymous_11)
FN:58,(anonymous_12)
FN:65,(anonymous_13)
FN:69,(anonymous_14)
FN:72,(anonymous_15)
FN:82,(anonymous_16)
FN:86,(anonymous_17)
FN:90,(anonymous_18)
FN:97,(anonymous_19)
FN:103,(anonymous_20)
FNF:21
FNH:0
FNDA:0,(anonymous_0)
FNDA:0,(anonymous_1)
FNDA:0,(anonymous_2)
FNDA:0,(anonymous_3)
FNDA:0,(anonymous_4)
FNDA:0,(anonymous_5)
FNDA:0,(anonymous_6)
FNDA:0,(anonymous_7)
FNDA:0,(anonymous_8)
FNDA:0,(anonymous_9)
FNDA:0,(anonymous_10)
FNDA:0,(anonymous_11)
FNDA:0,(anonymous_12)
FNDA:0,(anonymous_13)
FNDA:0,(anonymous_14)
FNDA:0,(anonymous_15)
FNDA:0,(anonymous_16)
FNDA:0,(anonymous_17)
FNDA:0,(anonymous_18)
FNDA:0,(anonymous_19)
FNDA:0,(anonymous_20)
DA:12,0
DA:19,0
DA:21,0
DA:24,0
DA:27,0
DA:31,0
DA:33,0
DA:34,0
DA:36,0
DA:37,0
DA:40,0
DA:45,0
DA:48,0
DA:49,0
DA:50,0
DA:52,0
DA:53,0
DA:56,0
DA:57,0
DA:58,0
DA:59,0
DA:61,0
DA:66,0
DA:67,0
DA:68,0
DA:70,0
DA:73,0
DA:76,0
DA:81,0
DA:83,0
DA:87,0
DA:88,0
DA:91,0
DA:92,0
DA:93,0
DA:94,0
DA:95,0
DA:98,0
DA:99,0
DA:100,0
DA:101,0
DA:104,0
LF:42
LH:0
BRDA:66,0,0,0
BRDA:66,0,1,0
BRF:2
BRH:0
end_of_record
TN:
SF:C:\Users\USER\Documents\www\vue-projects\semicolon-vue\semicolon\src\store\mutations.type.js
FNF:0
FNH:0
DA:1,0
DA:2,0
DA:3,0
DA:4,0
DA:5,0
DA:6,0
DA:7,0
LF:7
LH:0
BRF:0
BRH:0
end_of_record
TN:
SF:C:\Users\USER\Documents\www\vue-projects\semicolon-vue\semicolon\src\views\Apply.vue
FN:215,data
FN:233,mounted
FN:237,regexValidationForNumber
FN:238,(anonymous_10)
FN:240,emailRule
FN:241,(anonymous_12)
FN:242,(anonymous_13)
FN:247,errors
FN:248,isLoading
FN:252,search
FN:257,setAgeRange
FN:260,isPhoneNumberValid
FN:263,onFocus
FN:266,countrySelected
FN:269,onSignUp
FN:272,(anonymous_22)
FNF:16
FNH:0
FNDA:0,data
FNDA:0,mounted
FNDA:0,regexValidationForNumber
FNDA:0,(anonymous_10)
FNDA:0,emailRule
FNDA:0,(anonymous_12)
FNDA:0,(anonymous_13)
FNDA:0,errors
FNDA:0,isLoading
FNDA:0,search
FNDA:0,setAgeRange
FNDA:0,isPhoneNumberValid
FNDA:0,onFocus
FNDA:0,countrySelected
FNDA:0,onSignUp
FNDA:0,(anonymous_22)
DA:209,0
DA:210,0
DA:211,0
DA:216,0
DA:234,0
DA:238,0
DA:241,0
DA:242,0
DA:243,0
DA:247,0
DA:248,0
DA:253,0
DA:258,0
DA:261,0
DA:264,0
DA:267,0
DA:269,0
DA:270,0
DA:271,0
DA:280,0
LF:20
LH:0
BRDA:238,0,0,0
BRDA:238,0,1,0
BRDA:243,1,0,0
BRDA:243,1,1,0
BRDA:253,2,0,0
BRDA:253,2,1,0
BRDA:253,2,2,0
BRDA:261,3,0,0
BRDA:261,3,1,0
BRDA:261,3,2,0
BRDA:270,4,0,0
BRDA:270,4,1,0
BRF:12
BRH:0
end_of_record
TN:
SF:C:\Users\USER\Documents\www\vue-projects\semicolon-vue\semicolon\src\views\HelloWorld.vue
FN:88,data
FNF:1
FNH:0
FNDA:0,data
DA:88,0
LF:1
LH:0
BRF:0
BRH:0
end_of_record
TN:
SF:C:\Users\USER\Documents\www\vue-projects\semicolon-vue\semicolon\src\views\RegisterationView.vue
FNF:0
FNH:0
DA:10,0
DA:11,0
DA:12,0
DA:13,0
LF:4
LH:0
BRF:0
BRH:0
end_of_record
